Build started 21/05/2015 20:52:18.
     1>Project "F:\Ben\GitHub\GitHub Projects\PhysX-Pinball-Table\Workshop 3.vcxproj" on node 2 (build target(s)).
     1>InitializeBuildStatus:
         Creating "Debug\Workshop 3.unsuccessfulbuild" because "AlwaysCreate" was specified.
       ClCompile:
         C:\Program Files (x86)\Microsoft Visual Studio 10.0\VC\bin\CL.exe /c /I"C:\Program Files (x86)\NVIDIA Corporation\NVIDIA PhysX SDK\3.3.1\\Include" /I.\Graphics\include\win32\ /Zi /nologo /W3 /WX- /Od /Oy- /D _MBCS /Gm /EHsc /RTC1 /MDd /GS /fp:precise /Zc:wchar_t /Zc:forScope /Fo"Debug\\" /Fd"F:\Ben\GitHub\GitHub Projects\PhysX-Pinball-Table\Debug\Workshop 3.pdb" /Gd /TP /analyze- /errorReport:prompt PhysicsEngine.cpp VisualDebugger.cpp Extras\Camera.cpp Extras\GLFontRenderer.cpp Extras\Renderer.cpp "Workshop 3.cpp"
         Workshop 3.cpp
     1>f:\ben\github\github projects\physx-pinball-table\MyPhysicsEngine.h(62): warning C4305: 'argument' : truncation from 'double' to 'physx::PxReal'
     1>f:\ben\github\github projects\physx-pinball-table\MyPhysicsEngine.h(62): warning C4305: 'argument' : truncation from 'double' to 'physx::PxReal'
     1>f:\ben\github\github projects\physx-pinball-table\MyPhysicsEngine.h(62): warning C4305: 'argument' : truncation from 'double' to 'physx::PxReal'
     1>f:\ben\github\github projects\physx-pinball-table\MyPhysicsEngine.h(62): warning C4305: 'argument' : truncation from 'double' to 'physx::PxReal'
     1>f:\ben\github\github projects\physx-pinball-table\MyPhysicsEngine.h(62): warning C4305: 'argument' : truncation from 'double' to 'physx::PxReal'
     1>f:\ben\github\github projects\physx-pinball-table\MyPhysicsEngine.h(62): warning C4305: 'argument' : truncation from 'double' to 'physx::PxReal'
     1>f:\ben\github\github projects\physx-pinball-table\MyPhysicsEngine.h(62): warning C4305: 'argument' : truncation from 'double' to 'physx::PxReal'
     1>f:\ben\github\github projects\physx-pinball-table\MyPhysicsEngine.h(62): warning C4305: 'argument' : truncation from 'double' to 'physx::PxReal'
     1>f:\ben\github\github projects\physx-pinball-table\MyPhysicsEngine.h(62): warning C4305: 'argument' : truncation from 'double' to 'physx::PxReal'
     1>f:\ben\github\github projects\physx-pinball-table\MyPhysicsEngine.h(62): warning C4305: 'argument' : truncation from 'double' to 'physx::PxReal'
     1>f:\ben\github\github projects\physx-pinball-table\MyPhysicsEngine.h(62): warning C4305: 'argument' : truncation from 'double' to 'physx::PxReal'
     1>f:\ben\github\github projects\physx-pinball-table\MyPhysicsEngine.h(62): warning C4305: 'argument' : truncation from 'double' to 'physx::PxReal'
     1>f:\ben\github\github projects\physx-pinball-table\MyPhysicsEngine.h(62): warning C4305: 'argument' : truncation from 'double' to 'physx::PxReal'
     1>f:\ben\github\github projects\physx-pinball-table\MyPhysicsEngine.h(62): warning C4305: 'argument' : truncation from 'double' to 'physx::PxReal'
     1>f:\ben\github\github projects\physx-pinball-table\MyPhysicsEngine.h(62): warning C4305: 'argument' : truncation from 'double' to 'physx::PxReal'
     1>f:\ben\github\github projects\physx-pinball-table\MyPhysicsEngine.h(62): warning C4305: 'argument' : truncation from 'double' to 'physx::PxReal'
     1>f:\ben\github\github projects\physx-pinball-table\MyPhysicsEngine.h(62): warning C4305: 'argument' : truncation from 'double' to 'physx::PxReal'
     1>f:\ben\github\github projects\physx-pinball-table\MyPhysicsEngine.h(62): warning C4305: 'argument' : truncation from 'double' to 'physx::PxReal'
     1>f:\ben\github\github projects\physx-pinball-table\MyPhysicsEngine.h(95): warning C4305: 'argument' : truncation from 'double' to 'physx::PxReal'
     1>f:\ben\github\github projects\physx-pinball-table\MyPhysicsEngine.h(95): warning C4305: 'argument' : truncation from 'double' to 'physx::PxReal'
     1>f:\ben\github\github projects\physx-pinball-table\MyPhysicsEngine.h(95): warning C4305: 'argument' : truncation from 'double' to 'physx::PxReal'
     1>f:\ben\github\github projects\physx-pinball-table\MyPhysicsEngine.h(95): warning C4305: 'argument' : truncation from 'double' to 'physx::PxReal'
     1>f:\ben\github\github projects\physx-pinball-table\MyPhysicsEngine.h(95): warning C4305: 'argument' : truncation from 'double' to 'physx::PxReal'
     1>f:\ben\github\github projects\physx-pinball-table\MyPhysicsEngine.h(95): warning C4305: 'argument' : truncation from 'double' to 'physx::PxReal'
     1>f:\ben\github\github projects\physx-pinball-table\MyPhysicsEngine.h(95): warning C4305: 'argument' : truncation from 'double' to 'physx::PxReal'
     1>f:\ben\github\github projects\physx-pinball-table\MyPhysicsEngine.h(95): warning C4305: 'argument' : truncation from 'double' to 'physx::PxReal'
     1>f:\ben\github\github projects\physx-pinball-table\MyPhysicsEngine.h(109): warning C4305: 'argument' : truncation from 'double' to 'physx::PxReal'
     1>f:\ben\github\github projects\physx-pinball-table\MyPhysicsEngine.h(109): warning C4305: 'argument' : truncation from 'double' to 'physx::PxReal'
     1>f:\ben\github\github projects\physx-pinball-table\MyPhysicsEngine.h(109): warning C4305: 'argument' : truncation from 'double' to 'physx::PxReal'
     1>f:\ben\github\github projects\physx-pinball-table\MyPhysicsEngine.h(123): warning C4305: 'argument' : truncation from 'double' to 'physx::PxReal'
     1>f:\ben\github\github projects\physx-pinball-table\MyPhysicsEngine.h(123): warning C4305: 'argument' : truncation from 'double' to 'physx::PxReal'
     1>f:\ben\github\github projects\physx-pinball-table\MyPhysicsEngine.h(123): warning C4305: 'argument' : truncation from 'double' to 'physx::PxReal'
     1>f:\ben\github\github projects\physx-pinball-table\MyPhysicsEngine.h(123): warning C4305: 'argument' : truncation from 'double' to 'physx::PxReal'
     1>f:\ben\github\github projects\physx-pinball-table\MyPhysicsEngine.h(123): warning C4305: 'argument' : truncation from 'double' to 'physx::PxReal'
     1>f:\ben\github\github projects\physx-pinball-table\MyPhysicsEngine.h(123): warning C4305: 'argument' : truncation from 'double' to 'physx::PxReal'
     1>f:\ben\github\github projects\physx-pinball-table\MyPhysicsEngine.h(123): warning C4305: 'argument' : truncation from 'double' to 'physx::PxReal'
     1>f:\ben\github\github projects\physx-pinball-table\MyPhysicsEngine.h(123): warning C4305: 'argument' : truncation from 'double' to 'physx::PxReal'
     1>f:\ben\github\github projects\physx-pinball-table\MyPhysicsEngine.h(123): warning C4305: 'argument' : truncation from 'double' to 'physx::PxReal'
     1>f:\ben\github\github projects\physx-pinball-table\MyPhysicsEngine.h(123): warning C4305: 'argument' : truncation from 'double' to 'physx::PxReal'
     1>f:\ben\github\github projects\physx-pinball-table\MyPhysicsEngine.h(123): warning C4305: 'argument' : truncation from 'double' to 'physx::PxReal'
     1>f:\ben\github\github projects\physx-pinball-table\MyPhysicsEngine.h(137): warning C4305: 'argument' : truncation from 'double' to 'physx::PxReal'
     1>f:\ben\github\github projects\physx-pinball-table\MyPhysicsEngine.h(137): warning C4305: 'argument' : truncation from 'double' to 'physx::PxReal'
     1>f:\ben\github\github projects\physx-pinball-table\MyPhysicsEngine.h(137): warning C4305: 'argument' : truncation from 'double' to 'physx::PxReal'
     1>f:\ben\github\github projects\physx-pinball-table\MyPhysicsEngine.h(137): warning C4305: 'argument' : truncation from 'double' to 'physx::PxReal'
     1>f:\ben\github\github projects\physx-pinball-table\MyPhysicsEngine.h(137): warning C4305: 'argument' : truncation from 'double' to 'physx::PxReal'
     1>f:\ben\github\github projects\physx-pinball-table\MyPhysicsEngine.h(137): warning C4305: 'argument' : truncation from 'double' to 'physx::PxReal'
     1>f:\ben\github\github projects\physx-pinball-table\MyPhysicsEngine.h(137): warning C4305: 'argument' : truncation from 'double' to 'physx::PxReal'
     1>f:\ben\github\github projects\physx-pinball-table\MyPhysicsEngine.h(137): warning C4305: 'argument' : truncation from 'double' to 'physx::PxReal'
     1>f:\ben\github\github projects\physx-pinball-table\MyPhysicsEngine.h(137): warning C4305: 'argument' : truncation from 'double' to 'physx::PxReal'
     1>f:\ben\github\github projects\physx-pinball-table\MyPhysicsEngine.h(137): warning C4305: 'argument' : truncation from 'double' to 'physx::PxReal'
     1>f:\ben\github\github projects\physx-pinball-table\MyPhysicsEngine.h(137): warning C4305: 'argument' : truncation from 'double' to 'physx::PxReal'
     1>f:\ben\github\github projects\physx-pinball-table\MyPhysicsEngine.h(208): warning C4305: 'argument' : truncation from 'double' to 'physx::PxReal'
     1>f:\ben\github\github projects\physx-pinball-table\MyPhysicsEngine.h(208): warning C4305: 'argument' : truncation from 'double' to 'physx::PxReal'
     1>f:\ben\github\github projects\physx-pinball-table\MyPhysicsEngine.h(208): warning C4305: 'argument' : truncation from 'double' to 'physx::PxReal'
     1>f:\ben\github\github projects\physx-pinball-table\MyPhysicsEngine.h(220): warning C4305: 'argument' : truncation from 'double' to 'physx::PxReal'
     1>f:\ben\github\github projects\physx-pinball-table\MyPhysicsEngine.h(220): warning C4305: 'argument' : truncation from 'double' to 'physx::PxReal'
     1>f:\ben\github\github projects\physx-pinball-table\MyPhysicsEngine.h(220): warning C4305: 'argument' : truncation from 'double' to 'physx::PxReal'
     1>f:\ben\github\github projects\physx-pinball-table\MyPhysicsEngine.h(232): warning C4305: 'argument' : truncation from 'double' to 'physx::PxReal'
     1>f:\ben\github\github projects\physx-pinball-table\MyPhysicsEngine.h(232): warning C4305: 'argument' : truncation from 'double' to 'physx::PxReal'
     1>f:\ben\github\github projects\physx-pinball-table\MyPhysicsEngine.h(274): warning C4305: 'argument' : truncation from 'double' to 'physx::PxReal'
     1>f:\ben\github\github projects\physx-pinball-table\MyPhysicsEngine.h(274): warning C4305: 'argument' : truncation from 'double' to 'physx::PxReal'
     1>f:\ben\github\github projects\physx-pinball-table\MyPhysicsEngine.h(274): warning C4305: 'argument' : truncation from 'double' to 'physx::PxReal'
     1>f:\ben\github\github projects\physx-pinball-table\MyPhysicsEngine.h(274): warning C4305: 'argument' : truncation from 'double' to 'physx::PxReal'
     1>f:\ben\github\github projects\physx-pinball-table\MyPhysicsEngine.h(274): warning C4305: 'argument' : truncation from 'double' to 'physx::PxReal'
     1>f:\ben\github\github projects\physx-pinball-table\MyPhysicsEngine.h(584): warning C4305: 'argument' : truncation from 'double' to 'physx::PxReal'
         Renderer.cpp
         GLFontRenderer.cpp
         Camera.cpp
         VisualDebugger.cpp
     1>f:\ben\github\github projects\physx-pinball-table\MyPhysicsEngine.h(62): warning C4305: 'argument' : truncation from 'double' to 'physx::PxReal'
     1>f:\ben\github\github projects\physx-pinball-table\MyPhysicsEngine.h(62): warning C4305: 'argument' : truncation from 'double' to 'physx::PxReal'
     1>f:\ben\github\github projects\physx-pinball-table\MyPhysicsEngine.h(62): warning C4305: 'argument' : truncation from 'double' to 'physx::PxReal'
     1>f:\ben\github\github projects\physx-pinball-table\MyPhysicsEngine.h(62): warning C4305: 'argument' : truncation from 'double' to 'physx::PxReal'
     1>f:\ben\github\github projects\physx-pinball-table\MyPhysicsEngine.h(62): warning C4305: 'argument' : truncation from 'double' to 'physx::PxReal'
     1>f:\ben\github\github projects\physx-pinball-table\MyPhysicsEngine.h(62): warning C4305: 'argument' : truncation from 'double' to 'physx::PxReal'
     1>f:\ben\github\github projects\physx-pinball-table\MyPhysicsEngine.h(62): warning C4305: 'argument' : truncation from 'double' to 'physx::PxReal'
     1>f:\ben\github\github projects\physx-pinball-table\MyPhysicsEngine.h(62): warning C4305: 'argument' : truncation from 'double' to 'physx::PxReal'
     1>f:\ben\github\github projects\physx-pinball-table\MyPhysicsEngine.h(62): warning C4305: 'argument' : truncation from 'double' to 'physx::PxReal'
     1>f:\ben\github\github projects\physx-pinball-table\MyPhysicsEngine.h(62): warning C4305: 'argument' : truncation from 'double' to 'physx::PxReal'
     1>f:\ben\github\github projects\physx-pinball-table\MyPhysicsEngine.h(62): warning C4305: 'argument' : truncation from 'double' to 'physx::PxReal'
     1>f:\ben\github\github projects\physx-pinball-table\MyPhysicsEngine.h(62): warning C4305: 'argument' : truncation from 'double' to 'physx::PxReal'
     1>f:\ben\github\github projects\physx-pinball-table\MyPhysicsEngine.h(62): warning C4305: 'argument' : truncation from 'double' to 'physx::PxReal'
     1>f:\ben\github\github projects\physx-pinball-table\MyPhysicsEngine.h(62): warning C4305: 'argument' : truncation from 'double' to 'physx::PxReal'
     1>f:\ben\github\github projects\physx-pinball-table\MyPhysicsEngine.h(62): warning C4305: 'argument' : truncation from 'double' to 'physx::PxReal'
     1>f:\ben\github\github projects\physx-pinball-table\MyPhysicsEngine.h(62): warning C4305: 'argument' : truncation from 'double' to 'physx::PxReal'
     1>f:\ben\github\github projects\physx-pinball-table\MyPhysicsEngine.h(62): warning C4305: 'argument' : truncation from 'double' to 'physx::PxReal'
     1>f:\ben\github\github projects\physx-pinball-table\MyPhysicsEngine.h(62): warning C4305: 'argument' : truncation from 'double' to 'physx::PxReal'
     1>f:\ben\github\github projects\physx-pinball-table\MyPhysicsEngine.h(95): warning C4305: 'argument' : truncation from 'double' to 'physx::PxReal'
     1>f:\ben\github\github projects\physx-pinball-table\MyPhysicsEngine.h(95): warning C4305: 'argument' : truncation from 'double' to 'physx::PxReal'
     1>f:\ben\github\github projects\physx-pinball-table\MyPhysicsEngine.h(95): warning C4305: 'argument' : truncation from 'double' to 'physx::PxReal'
     1>f:\ben\github\github projects\physx-pinball-table\MyPhysicsEngine.h(95): warning C4305: 'argument' : truncation from 'double' to 'physx::PxReal'
     1>f:\ben\github\github projects\physx-pinball-table\MyPhysicsEngine.h(95): warning C4305: 'argument' : truncation from 'double' to 'physx::PxReal'
     1>f:\ben\github\github projects\physx-pinball-table\MyPhysicsEngine.h(95): warning C4305: 'argument' : truncation from 'double' to 'physx::PxReal'
     1>f:\ben\github\github projects\physx-pinball-table\MyPhysicsEngine.h(95): warning C4305: 'argument' : truncation from 'double' to 'physx::PxReal'
     1>f:\ben\github\github projects\physx-pinball-table\MyPhysicsEngine.h(95): warning C4305: 'argument' : truncation from 'double' to 'physx::PxReal'
     1>f:\ben\github\github projects\physx-pinball-table\MyPhysicsEngine.h(109): warning C4305: 'argument' : truncation from 'double' to 'physx::PxReal'
     1>f:\ben\github\github projects\physx-pinball-table\MyPhysicsEngine.h(109): warning C4305: 'argument' : truncation from 'double' to 'physx::PxReal'
     1>f:\ben\github\github projects\physx-pinball-table\MyPhysicsEngine.h(109): warning C4305: 'argument' : truncation from 'double' to 'physx::PxReal'
     1>f:\ben\github\github projects\physx-pinball-table\MyPhysicsEngine.h(123): warning C4305: 'argument' : truncation from 'double' to 'physx::PxReal'
     1>f:\ben\github\github projects\physx-pinball-table\MyPhysicsEngine.h(123): warning C4305: 'argument' : truncation from 'double' to 'physx::PxReal'
     1>f:\ben\github\github projects\physx-pinball-table\MyPhysicsEngine.h(123): warning C4305: 'argument' : truncation from 'double' to 'physx::PxReal'
     1>f:\ben\github\github projects\physx-pinball-table\MyPhysicsEngine.h(123): warning C4305: 'argument' : truncation from 'double' to 'physx::PxReal'
     1>f:\ben\github\github projects\physx-pinball-table\MyPhysicsEngine.h(123): warning C4305: 'argument' : truncation from 'double' to 'physx::PxReal'
     1>f:\ben\github\github projects\physx-pinball-table\MyPhysicsEngine.h(123): warning C4305: 'argument' : truncation from 'double' to 'physx::PxReal'
     1>f:\ben\github\github projects\physx-pinball-table\MyPhysicsEngine.h(123): warning C4305: 'argument' : truncation from 'double' to 'physx::PxReal'
     1>f:\ben\github\github projects\physx-pinball-table\MyPhysicsEngine.h(123): warning C4305: 'argument' : truncation from 'double' to 'physx::PxReal'
     1>f:\ben\github\github projects\physx-pinball-table\MyPhysicsEngine.h(123): warning C4305: 'argument' : truncation from 'double' to 'physx::PxReal'
     1>f:\ben\github\github projects\physx-pinball-table\MyPhysicsEngine.h(123): warning C4305: 'argument' : truncation from 'double' to 'physx::PxReal'
     1>f:\ben\github\github projects\physx-pinball-table\MyPhysicsEngine.h(123): warning C4305: 'argument' : truncation from 'double' to 'physx::PxReal'
     1>f:\ben\github\github projects\physx-pinball-table\MyPhysicsEngine.h(137): warning C4305: 'argument' : truncation from 'double' to 'physx::PxReal'
     1>f:\ben\github\github projects\physx-pinball-table\MyPhysicsEngine.h(137): warning C4305: 'argument' : truncation from 'double' to 'physx::PxReal'
     1>f:\ben\github\github projects\physx-pinball-table\MyPhysicsEngine.h(137): warning C4305: 'argument' : truncation from 'double' to 'physx::PxReal'
     1>f:\ben\github\github projects\physx-pinball-table\MyPhysicsEngine.h(137): warning C4305: 'argument' : truncation from 'double' to 'physx::PxReal'
     1>f:\ben\github\github projects\physx-pinball-table\MyPhysicsEngine.h(137): warning C4305: 'argument' : truncation from 'double' to 'physx::PxReal'
     1>f:\ben\github\github projects\physx-pinball-table\MyPhysicsEngine.h(137): warning C4305: 'argument' : truncation from 'double' to 'physx::PxReal'
     1>f:\ben\github\github projects\physx-pinball-table\MyPhysicsEngine.h(137): warning C4305: 'argument' : truncation from 'double' to 'physx::PxReal'
     1>f:\ben\github\github projects\physx-pinball-table\MyPhysicsEngine.h(137): warning C4305: 'argument' : truncation from 'double' to 'physx::PxReal'
     1>f:\ben\github\github projects\physx-pinball-table\MyPhysicsEngine.h(137): warning C4305: 'argument' : truncation from 'double' to 'physx::PxReal'
     1>f:\ben\github\github projects\physx-pinball-table\MyPhysicsEngine.h(137): warning C4305: 'argument' : truncation from 'double' to 'physx::PxReal'
     1>f:\ben\github\github projects\physx-pinball-table\MyPhysicsEngine.h(137): warning C4305: 'argument' : truncation from 'double' to 'physx::PxReal'
     1>f:\ben\github\github projects\physx-pinball-table\MyPhysicsEngine.h(208): warning C4305: 'argument' : truncation from 'double' to 'physx::PxReal'
     1>f:\ben\github\github projects\physx-pinball-table\MyPhysicsEngine.h(208): warning C4305: 'argument' : truncation from 'double' to 'physx::PxReal'
     1>f:\ben\github\github projects\physx-pinball-table\MyPhysicsEngine.h(208): warning C4305: 'argument' : truncation from 'double' to 'physx::PxReal'
     1>f:\ben\github\github projects\physx-pinball-table\MyPhysicsEngine.h(220): warning C4305: 'argument' : truncation from 'double' to 'physx::PxReal'
     1>f:\ben\github\github projects\physx-pinball-table\MyPhysicsEngine.h(220): warning C4305: 'argument' : truncation from 'double' to 'physx::PxReal'
     1>f:\ben\github\github projects\physx-pinball-table\MyPhysicsEngine.h(220): warning C4305: 'argument' : truncation from 'double' to 'physx::PxReal'
     1>f:\ben\github\github projects\physx-pinball-table\MyPhysicsEngine.h(232): warning C4305: 'argument' : truncation from 'double' to 'physx::PxReal'
     1>f:\ben\github\github projects\physx-pinball-table\MyPhysicsEngine.h(232): warning C4305: 'argument' : truncation from 'double' to 'physx::PxReal'
     1>f:\ben\github\github projects\physx-pinball-table\MyPhysicsEngine.h(274): warning C4305: 'argument' : truncation from 'double' to 'physx::PxReal'
     1>f:\ben\github\github projects\physx-pinball-table\MyPhysicsEngine.h(274): warning C4305: 'argument' : truncation from 'double' to 'physx::PxReal'
     1>f:\ben\github\github projects\physx-pinball-table\MyPhysicsEngine.h(274): warning C4305: 'argument' : truncation from 'double' to 'physx::PxReal'
     1>f:\ben\github\github projects\physx-pinball-table\MyPhysicsEngine.h(274): warning C4305: 'argument' : truncation from 'double' to 'physx::PxReal'
     1>f:\ben\github\github projects\physx-pinball-table\MyPhysicsEngine.h(274): warning C4305: 'argument' : truncation from 'double' to 'physx::PxReal'
     1>f:\ben\github\github projects\physx-pinball-table\MyPhysicsEngine.h(584): warning C4305: 'argument' : truncation from 'double' to 'physx::PxReal'
         PhysicsEngine.cpp
         Generating Code...
       Link:
         C:\Program Files (x86)\Microsoft Visual Studio 10.0\VC\bin\link.exe /ERRORREPORT:PROMPT /OUT:"F:\Ben\GitHub\GitHub Projects\PhysX-Pinball-Table\Debug\Workshop 3.exe" /NOLOGO /LIBPATH:"C:\Program Files (x86)\NVIDIA Corporation\NVIDIA PhysX SDK\3.3.1\\Lib\win32" /LIBPATH:.\Graphics\lib\win32\glut PhysX3DEBUG_x86.lib PhysX3CommonDEBUG_x86.lib PhysX3ExtensionsDEBUG.lib PhysXVisualDebuggerSDKDEBUG.lib PhysX3CookingDEBUG_x86.lib kernel32.lib user32.lib gdi32.lib winspool.lib comdlg32.lib advapi32.lib shell32.lib ole32.lib oleaut32.lib uuid.lib odbc32.lib odbccp32.lib /NODEFAULTLIB:LIBCMTD /MANIFEST /ManifestFile:"Debug\Workshop 3.exe.intermediate.manifest" /MANIFESTUAC:"level='asInvoker' uiAccess='false'" /DEBUG /PDB:"F:\Ben\GitHub\GitHub Projects\PhysX-Pinball-Table\Debug\Workshop 3.pdb" /TLBID:1 /DYNAMICBASE /NXCOMPAT /IMPLIB:"F:\Ben\GitHub\GitHub Projects\PhysX-Pinball-Table\Debug\Workshop 3.lib" /MACHINE:X86 /SAFESEH:NO Debug\PhysicsEngine.obj
         Debug\VisualDebugger.obj
         Debug\Camera.obj
         Debug\GLFontRenderer.obj
         Debug\Renderer.obj
         "Debug\Workshop 3.obj"
         LINK : F:\Ben\GitHub\GitHub Projects\PhysX-Pinball-Table\Debug\Workshop 3.exe not found or not built by the last incremental link; performing full link
     1>PhysX3ExtensionsDEBUG.lib(ExtCpuWorkerThread.obj) : warning LNK4099: PDB 'physx3extensionsdebug.pdb' was not found with 'PhysX3ExtensionsDEBUG.lib(ExtCpuWorkerThread.obj)' or at 'F:\Ben\GitHub\GitHub Projects\PhysX-Pinball-Table\Debug\physx3extensionsdebug.pdb'; linking object as if no debug info
     1>PhysX3ExtensionsDEBUG.lib(ExtDefaultCpuDispatcher.obj) : warning LNK4099: PDB 'physx3extensionsdebug.pdb' was not found with 'PhysX3ExtensionsDEBUG.lib(ExtDefaultCpuDispatcher.obj)' or at 'F:\Ben\GitHub\GitHub Projects\PhysX-Pinball-Table\Debug\physx3extensionsdebug.pdb'; linking object as if no debug info
     1>PhysX3ExtensionsDEBUG.lib(ExtDefaultErrorCallback.obj) : warning LNK4099: PDB 'physx3extensionsdebug.pdb' was not found with 'PhysX3ExtensionsDEBUG.lib(ExtDefaultErrorCallback.obj)' or at 'F:\Ben\GitHub\GitHub Projects\PhysX-Pinball-Table\Debug\physx3extensionsdebug.pdb'; linking object as if no debug info
     1>PhysX3ExtensionsDEBUG.lib(ExtDefaultStreams.obj) : warning LNK4099: PDB 'physx3extensionsdebug.pdb' was not found with 'PhysX3ExtensionsDEBUG.lib(ExtDefaultStreams.obj)' or at 'F:\Ben\GitHub\GitHub Projects\PhysX-Pinball-Table\Debug\physx3extensionsdebug.pdb'; linking object as if no debug info
     1>PhysX3ExtensionsDEBUG.lib(ExtDistanceJoint.obj) : warning LNK4099: PDB 'physx3extensionsdebug.pdb' was not found with 'PhysX3ExtensionsDEBUG.lib(ExtDistanceJoint.obj)' or at 'F:\Ben\GitHub\GitHub Projects\PhysX-Pinball-Table\Debug\physx3extensionsdebug.pdb'; linking object as if no debug info
     1>PhysX3ExtensionsDEBUG.lib(ExtDistanceJointSolverPrep.obj) : warning LNK4099: PDB 'physx3extensionsdebug.pdb' was not found with 'PhysX3ExtensionsDEBUG.lib(ExtDistanceJointSolverPrep.obj)' or at 'F:\Ben\GitHub\GitHub Projects\PhysX-Pinball-Table\Debug\physx3extensionsdebug.pdb'; linking object as if no debug info
     1>PhysX3ExtensionsDEBUG.lib(ExtJoint.obj) : warning LNK4099: PDB 'physx3extensionsdebug.pdb' was not found with 'PhysX3ExtensionsDEBUG.lib(ExtJoint.obj)' or at 'F:\Ben\GitHub\GitHub Projects\PhysX-Pinball-Table\Debug\physx3extensionsdebug.pdb'; linking object as if no debug info
     1>PhysX3ExtensionsDEBUG.lib(ExtPvdClientImpl.obj) : warning LNK4099: PDB 'physx3extensionsdebug.pdb' was not found with 'PhysX3ExtensionsDEBUG.lib(ExtPvdClientImpl.obj)' or at 'F:\Ben\GitHub\GitHub Projects\PhysX-Pinball-Table\Debug\physx3extensionsdebug.pdb'; linking object as if no debug info
     1>PhysX3ExtensionsDEBUG.lib(ExtRevoluteJoint.obj) : warning LNK4099: PDB 'physx3extensionsdebug.pdb' was not found with 'PhysX3ExtensionsDEBUG.lib(ExtRevoluteJoint.obj)' or at 'F:\Ben\GitHub\GitHub Projects\PhysX-Pinball-Table\Debug\physx3extensionsdebug.pdb'; linking object as if no debug info
     1>PhysX3ExtensionsDEBUG.lib(ExtRevoluteJointSolverPrep.obj) : warning LNK4099: PDB 'physx3extensionsdebug.pdb' was not found with 'PhysX3ExtensionsDEBUG.lib(ExtRevoluteJointSolverPrep.obj)' or at 'F:\Ben\GitHub\GitHub Projects\PhysX-Pinball-Table\Debug\physx3extensionsdebug.pdb'; linking object as if no debug info
     1>PhysX3ExtensionsDEBUG.lib(ExtRigidBodyExt.obj) : warning LNK4099: PDB 'physx3extensionsdebug.pdb' was not found with 'PhysX3ExtensionsDEBUG.lib(ExtRigidBodyExt.obj)' or at 'F:\Ben\GitHub\GitHub Projects\PhysX-Pinball-Table\Debug\physx3extensionsdebug.pdb'; linking object as if no debug info
     1>PhysX3ExtensionsDEBUG.lib(ExtVisualDebugger.obj) : warning LNK4099: PDB 'physx3extensionsdebug.pdb' was not found with 'PhysX3ExtensionsDEBUG.lib(ExtVisualDebugger.obj)' or at 'F:\Ben\GitHub\GitHub Projects\PhysX-Pinball-Table\Debug\physx3extensionsdebug.pdb'; linking object as if no debug info
     1>PhysX3ExtensionsDEBUG.lib(PxExtensionAutoGeneratedMetaDataObjects.obj) : warning LNK4099: PDB 'physx3extensionsdebug.pdb' was not found with 'PhysX3ExtensionsDEBUG.lib(PxExtensionAutoGeneratedMetaDataObjects.obj)' or at 'F:\Ben\GitHub\GitHub Projects\PhysX-Pinball-Table\Debug\physx3extensionsdebug.pdb'; linking object as if no debug info
     1>PhysXVisualDebuggerSDKDEBUG.lib(PvdNetworkStreams.obj) : warning LNK4099: PDB 'physxvisualdebuggersdkdebug.pdb' was not found with 'PhysXVisualDebuggerSDKDEBUG.lib(PvdNetworkStreams.obj)' or at 'F:\Ben\GitHub\GitHub Projects\PhysX-Pinball-Table\Debug\physxvisualdebuggersdkdebug.pdb'; linking object as if no debug info
         Workshop 3.vcxproj -> F:\Ben\GitHub\GitHub Projects\PhysX-Pinball-Table\Debug\Workshop 3.exe
       Manifest:
         C:\Program Files (x86)\Microsoft SDKs\Windows\v7.0A\bin\mt.exe /nologo /verbose /outputresource:"F:\Ben\GitHub\GitHub Projects\PhysX-Pinball-Table\Debug\Workshop 3.exe;#1" /manifest "Debug\Workshop 3.exe.intermediate.manifest"
       FinalizeBuildStatus:
         Deleting file "Debug\Workshop 3.unsuccessfulbuild".
         Touching "Debug\Workshop 3.lastbuildstate".
     1>Done Building Project "F:\Ben\GitHub\GitHub Projects\PhysX-Pinball-Table\Workshop 3.vcxproj" (build target(s)).

Build succeeded.

Time Elapsed 00:00:05.92
