C:\Users\Ben\Desktop\Game Engines Assignment\CGP3001M workshop 3\Debug\Camera.obj
C:\Users\Ben\Desktop\Game Engines Assignment\CGP3001M workshop 3\Debug\cl.command.1.tlog
C:\Users\Ben\Desktop\Game Engines Assignment\CGP3001M workshop 3\Debug\CL.read.1.tlog
C:\Users\Ben\Desktop\Game Engines Assignment\CGP3001M workshop 3\Debug\CL.write.1.tlog
C:\Users\Ben\Desktop\Game Engines Assignment\CGP3001M workshop 3\Debug\GLFontRenderer.obj
C:\Users\Ben\Desktop\Game Engines Assignment\CGP3001M workshop 3\Debug\link.60872.read.1.tlog
C:\Users\Ben\Desktop\Game Engines Assignment\CGP3001M workshop 3\Debug\link.60872.read.2.tlog
C:\Users\Ben\Desktop\Game Engines Assignment\CGP3001M workshop 3\Debug\link.60872.write.1.tlog
C:\Users\Ben\Desktop\Game Engines Assignment\CGP3001M workshop 3\Debug\link.command.1.tlog
C:\Users\Ben\Desktop\Game Engines Assignment\CGP3001M workshop 3\Debug\link.read.1.tlog
C:\Users\Ben\Desktop\Game Engines Assignment\CGP3001M workshop 3\Debug\link.read.2.tlog
C:\Users\Ben\Desktop\Game Engines Assignment\CGP3001M workshop 3\Debug\link.write.1.tlog
C:\Users\Ben\Desktop\Game Engines Assignment\CGP3001M workshop 3\Debug\mt.command.1.tlog
C:\Users\Ben\Desktop\Game Engines Assignment\CGP3001M workshop 3\Debug\mt.read.1.tlog
C:\Users\Ben\Desktop\Game Engines Assignment\CGP3001M workshop 3\Debug\mt.write.1.tlog
C:\USERS\BEN\DESKTOP\GAME ENGINES ASSIGNMENT\CGP3001M WORKSHOP 3\DEBUG\PHYSICSENGINE.OBJ
C:\Users\Ben\Desktop\Game Engines Assignment\CGP3001M workshop 3\Debug\Renderer.obj
C:\USERS\BEN\DESKTOP\GAME ENGINES ASSIGNMENT\CGP3001M WORKSHOP 3\DEBUG\VISUALDEBUGGER.OBJ
C:\USERS\BEN\DESKTOP\GAME ENGINES ASSIGNMENT\CGP3001M WORKSHOP 3\DEBUG\WORKSHOP 3.EXE
C:\USERS\BEN\DESKTOP\GAME ENGINES ASSIGNMENT\CGP3001M WORKSHOP 3\DEBUG\WORKSHOP 3.EXE.INTERMEDIATE.MANIFEST
C:\Users\Ben\Desktop\Game Engines Assignment\CGP3001M workshop 3\Debug\Workshop 3.idb
C:\USERS\BEN\DESKTOP\GAME ENGINES ASSIGNMENT\CGP3001M WORKSHOP 3\DEBUG\WORKSHOP 3.ILK
C:\USERS\BEN\DESKTOP\GAME ENGINES ASSIGNMENT\CGP3001M WORKSHOP 3\DEBUG\WORKSHOP 3.OBJ
C:\USERS\BEN\DESKTOP\GAME ENGINES ASSIGNMENT\CGP3001M WORKSHOP 3\DEBUG\WORKSHOP 3.PDB
C:\Users\Ben\Desktop\Game Engines Assignment\CGP3001M workshop 3\Debug\Workshop 3.vcxprojResolveAssemblyReference.cache
C:\Users\Ben\Desktop\Game Engines Assignment\CGP3001M workshop 3\Debug\Workshop 3.write.1.tlog
